tar: Removing leading `../' from member names
log4j:WARN No appenders could be found for logger (org.apache.commons.configuration.PropertiesConfiguration).
log4j:WARN Please initialize the log4j system properly.
log4j:WARN See http://logging.apache.org/log4j/1.2/faq.html#noconfig for more info.
2014-09-04 18:47:23:176 cloudos.kernel.Environment loadFromXMLFile
INFO: Loading settings from environment.xml
2014-09-04 18:47:23:474 cloudos.net.NetServer <init>
INFO: LISTENING AT: 1234
2014-09-04 18:47:23:475 cloudos.net.NetServer run
INFO: New ConnectionHandler
2014-09-04 18:47:23:475 cloudos.net.NetServer run
INFO: HERE A
modules: ["dfs.xml","watershed.xml"]
LocalNodeInfo: master
2014-09-04 18:47:23:543 cloudos.kernel.info.ModuleInfo loadFromXMLFile
INFO: Loading module from dfs.xml
2014-09-04 18:47:23:577 cloudos.kernel.ModuleController addModule
INFO: Adding module: dfs
2014-09-04 18:47:23:580 cloudos.kernel.ModuleController addModule
INFO: There is no master online!
2014-09-04 18:47:23:581 cloudos.kernel.ModuleController addModule
INFO: executing on slaves
2014-09-04 18:47:23:594 cloudos.kernel.info.ModuleInfo loadFromXMLFile
INFO: Loading module from watershed.xml
2014-09-04 18:47:23:599 cloudos.kernel.ModuleController addModule
INFO: Adding module: watershed
2014-09-04 18:47:23:599 cloudos.kernel.ModuleController addModule
INFO: There is no master online!
2014-09-04 18:47:23:599 cloudos.kernel.ModuleController addModule
INFO: executing on slaves
2014-09-04 18:47:28:162 cloudos.kernel.NodeExecutor setup
INFO: killing previous executions
** exit status: 1
2014-09-04 18:47:28:206 cloudos.kernel.NodeExecutor setup
INFO: extracting files
2014-09-04 18:47:28:241 cloudos.kernel.NodeExecutor setup
INFO: killing previous executions
** exit status: 1
2014-09-04 18:47:28:286 cloudos.kernel.NodeExecutor setup
INFO: extracting files
** exit status: 0
2014-09-04 18:47:28:422 cloudos.kernel.NodeExecutor setup
INFO: starting node slave3
** exit status: 0
2014-09-04 18:47:28:431 cloudos.kernel.NodeExecutor setup
INFO: DONE starting node slave3
** exit status: 0
2014-09-04 18:47:28:506 cloudos.kernel.NodeExecutor setup
INFO: starting node slave2
** exit status: 0
2014-09-04 18:47:28:517 cloudos.kernel.NodeExecutor setup
INFO: DONE starting node slave2
2014-09-04 18:47:28:565 cloudos.kernel.NodeExecutor setup
INFO: killing previous executions
** exit status: 1
2014-09-04 18:47:28:612 cloudos.kernel.NodeExecutor setup
INFO: extracting files
** exit status: 0
2014-09-04 18:47:28:835 cloudos.kernel.NodeExecutor setup
INFO: starting node slave1
** exit status: 0
2014-09-04 18:47:28:845 cloudos.kernel.NodeExecutor setup
INFO: DONE starting node slave1
2014-09-04 18:47:33:839 cloudos.kernel.NodeExecutor setup
INFO: killing previous executions
** exit status: 1
2014-09-04 18:47:33:889 cloudos.kernel.NodeExecutor setup
INFO: extracting files
** exit status: 0
2014-09-04 18:47:34:105 cloudos.kernel.NodeExecutor setup
INFO: starting node master
** exit status: 0
2014-09-04 18:47:34:117 cloudos.kernel.NodeExecutor setup
INFO: DONE starting node master
2014-09-04 18:47:34:438 cloudos.kernel.NodeCommunicator connect
INFO: Connecting to: 10.0.0.6: 1235
2014-09-04 18:47:34:456 cloudos.kernel.NodeMonitor run
INFO: ping-pong: slave3
2014-09-04 18:47:34:456 cloudos.kernel.ResourceManager onSlaveAlive
INFO: Slave alive: slave3
2014-09-04 18:47:34:457 cloudos.kernel.ModuleController onSlaveAlive
INFO: Slave alive: slave3
2014-09-04 18:47:34:471 cloudos.kernel.ModuleController onSlaveAlive
INFO: executing on watershed on slave slave3
2014-09-04 18:47:34:472 cloudos.kernel.NodeCommunicator connect
INFO: Connecting to: 10.0.0.6: 1235
2014-09-04 18:47:34:518 cloudos.kernel.NodeCommunicator connect
INFO: Connecting to: 10.0.0.4: 1235
2014-09-04 18:47:34:528 cloudos.kernel.NodeMonitor run
INFO: ping-pong: slave2
2014-09-04 18:47:34:606 cloudos.kernel.ModuleController onSlaveAlive
INFO: watershed is running on slave slave3
2014-09-04 18:47:34:608 cloudos.kernel.ModuleController onSlaveAlive
INFO: executing on dfs on slave slave3
2014-09-04 18:47:34:627 cloudos.kernel.NodeCommunicator connect
INFO: Connecting to: 10.0.0.6: 1235
2014-09-04 18:47:34:680 cloudos.kernel.ModuleController onSlaveAlive
INFO: dfs is running on slave slave3
2014-09-04 18:47:34:681 cloudos.kernel.ResourceManager onSlaveAlive
INFO: Slave alive: slave2
2014-09-04 18:47:34:681 cloudos.kernel.ModuleController onSlaveAlive
INFO: Slave alive: slave2
2014-09-04 18:47:34:682 cloudos.kernel.ModuleController onSlaveAlive
INFO: executing on watershed on slave slave2
2014-09-04 18:47:34:683 cloudos.kernel.NodeCommunicator connect
INFO: Connecting to: 10.0.0.4: 1235
2014-09-04 18:47:34:797 cloudos.kernel.ModuleController onSlaveAlive
INFO: watershed is running on slave slave2
2014-09-04 18:47:34:799 cloudos.kernel.ModuleController onSlaveAlive
INFO: executing on dfs on slave slave2
2014-09-04 18:47:34:800 cloudos.kernel.NodeCommunicator connect
INFO: Connecting to: 10.0.0.4: 1235
2014-09-04 18:47:34:845 cloudos.kernel.ModuleController onSlaveAlive
INFO: dfs is running on slave slave2
2014-09-04 18:47:34:846 cloudos.kernel.NodeCommunicator connect
INFO: Connecting to: 10.0.0.3: 1235
2014-09-04 18:47:34:857 cloudos.kernel.NodeMonitor run
INFO: ping-pong: slave1
2014-09-04 18:47:34:858 cloudos.kernel.ResourceManager onSlaveAlive
INFO: Slave alive: slave1
2014-09-04 18:47:34:858 cloudos.kernel.ModuleController onSlaveAlive
INFO: Slave alive: slave1
2014-09-04 18:47:34:861 cloudos.kernel.ModuleController onSlaveAlive
INFO: executing on watershed on slave slave1
2014-09-04 18:47:34:861 cloudos.kernel.NodeCommunicator connect
INFO: Connecting to: 10.0.0.3: 1235
2014-09-04 18:47:34:981 cloudos.kernel.ModuleController onSlaveAlive
INFO: watershed is running on slave slave1
2014-09-04 18:47:34:982 cloudos.kernel.ModuleController onSlaveAlive
INFO: executing on dfs on slave slave1
2014-09-04 18:47:34:983 cloudos.kernel.NodeCommunicator connect
INFO: Connecting to: 10.0.0.3: 1235
2014-09-04 18:47:35:45 cloudos.kernel.ModuleController onSlaveAlive
INFO: dfs is running on slave slave1
2014-09-04 18:47:39:553 cloudos.kernel.NodeExecutor setup
INFO: killing previous executions
** exit status: 1
2014-09-04 18:47:39:602 cloudos.kernel.NodeExecutor setup
INFO: extracting files
** exit status: 0
2014-09-04 18:47:39:802 cloudos.kernel.NodeExecutor setup
INFO: starting node slave4
** exit status: 0
2014-09-04 18:47:39:814 cloudos.kernel.NodeExecutor setup
INFO: DONE starting node slave4
2014-09-04 18:47:40:118 cloudos.kernel.NodeCommunicator connect
INFO: Connecting to: 10.0.0.2: 1235
2014-09-04 18:47:40:128 cloudos.kernel.NodeMonitor run
INFO: ping-pong: master
2014-09-04 18:47:40:128 cloudos.kernel.ResourceManager onMasterAlive
INFO: Master alive: master
2014-09-04 18:47:40:128 cloudos.kernel.ModuleController onMasterAlive
INFO: Master alive: master
2014-09-04 18:47:40:130 cloudos.kernel.ModuleController onMasterAlive
INFO: executing on master master
2014-09-04 18:47:40:131 cloudos.kernel.NodeCommunicator connect
INFO: Connecting to: 10.0.0.2: 1235
2014-09-04 18:47:40:228 cloudos.kernel.ModuleController onMasterAlive
INFO: Creating znodes
2014-09-04 18:47:40:232 cloudos.kernel.ModuleController onMasterAlive
INFO: Creating znodes addr
2014-09-04 18:47:40:235 cloudos.kernel.ModuleController onMasterAlive
INFO: Creating znodes port
2014-09-04 18:47:40:238 cloudos.kernel.ModuleController onMasterAlive
INFO: Finished znodes
2014-09-04 18:47:40:239 cloudos.kernel.ModuleController onMasterAlive
INFO: executing on master master
2014-09-04 18:47:40:240 cloudos.kernel.NodeCommunicator connect
INFO: Connecting to: 10.0.0.2: 1235
2014-09-04 18:47:40:289 cloudos.kernel.ModuleController onMasterAlive
INFO: Creating znodes
2014-09-04 18:47:40:294 cloudos.kernel.ModuleController onMasterAlive
INFO: Creating znodes addr
2014-09-04 18:47:40:297 cloudos.kernel.ModuleController onMasterAlive
INFO: Creating znodes port
2014-09-04 18:47:40:300 cloudos.kernel.ModuleController onMasterAlive
INFO: Finished znodes
2014-09-04 18:47:45:815 cloudos.kernel.NodeCommunicator connect
INFO: Connecting to: 10.0.0.7: 1235
2014-09-04 18:47:45:828 cloudos.kernel.NodeMonitor run
INFO: ping-pong: slave4
2014-09-04 18:47:45:828 cloudos.kernel.ResourceManager onSlaveAlive
INFO: Slave alive: slave4
2014-09-04 18:47:45:828 cloudos.kernel.ModuleController onSlaveAlive
INFO: Slave alive: slave4
2014-09-04 18:47:45:831 cloudos.kernel.ModuleController onSlaveAlive
INFO: executing on watershed on slave slave4
2014-09-04 18:47:45:832 cloudos.kernel.NodeCommunicator connect
INFO: Connecting to: 10.0.0.7: 1235
2014-09-04 18:47:45:943 cloudos.kernel.ModuleController onSlaveAlive
INFO: watershed is running on slave slave4
2014-09-04 18:47:45:944 cloudos.kernel.ModuleController onSlaveAlive
INFO: executing on dfs on slave slave4
2014-09-04 18:47:45:946 cloudos.kernel.NodeCommunicator connect
INFO: Connecting to: 10.0.0.7: 1235
2014-09-04 18:47:45:993 cloudos.kernel.ModuleController onSlaveAlive
INFO: dfs is running on slave slave4
2014-09-04 18:48:23:42 cloudos.net.NetServer run
INFO: HERE B
2014-09-04 18:48:23:42 cloudos.net.NetServer run
INFO: Running ConnectionHandler
2014-09-04 18:48:23:42 cloudos.net.NetServer run
INFO: New ConnectionHandler
2014-09-04 18:48:23:42 cloudos.net.NetServer run
INFO: HERE A
 cloudos.net.MessageHandler run
INFO: Handling message
2014-09-04 18:48:23:53 cloudos.net.MessageHandler run
INFO: Finishing client connection
